Build started 2011/11/1 10:47:45.
     1>Project "C:\Users\ChaoZ\Desktop\VoronoiTmp\VoronoiTmp\VoronoiTmp\VoronoiTmp.vcxproj" on node 2 (build target(s)).
     1>InitializeBuildStatus:
         Touching "x64\Debug\VoronoiTmp.unsuccessfulbuild".
       ClCompile:
         c:\Program Files (x86)\Microsoft Visual Studio 10.0\VC\bin\x86_amd64\CL.exe /c /IC:\Users\ChaoZ\Desktop\VoronoiTmp\VoronoiTmp\\Src /I"C:\Program Files\Autodesk\Maya2011\include" /Zi /nologo /W3 /WX- /Od /D WIN32 /D _DEBUG /D _WINDOWS /D NT_PLUGIN /D _WINDLL /D _MBCS /Gm /EHsc /RTC1 /MDd /GS /fp:precise /Zc:wchar_t /Zc:forScope /Fo"x64\Debug\\" /Fd"x64\Debug\vc100.pdb" /Gd /TP /errorReport:prompt ..\Src\polyModifierCmd.cpp ..\Src\polyModifierFty.cpp ..\Src\polyModifierNode.cpp voronoiShatterCmd.cpp voronoiShatterFty.cpp voronoiShatterFtyAction.cpp voronoiShatterMain.cpp voronoiShatterNode.cpp
         voronoiShatterNode.cpp
         voronoiShatterMain.cpp
         voronoiShatterFtyAction.cpp
         voronoiShatterFty.cpp
         voronoiShatterCmd.cpp
         polyModifierNode.cpp
         polyModifierFty.cpp
         polyModifierCmd.cpp
         Generating Code...
       Link:
         c:\Program Files (x86)\Microsoft Visual Studio 10.0\VC\bin\x86_amd64\link.exe /ERRORREPORT:PROMPT /OUT:"C:\Users\ChaoZ\Desktop\VoronoiTmp\VoronoiTmp\x64\Debug\VoronoiTmp.mll" /NOLOGO /LIBPATH:"C:\Program Files\Autodesk\Maya2011\lib" OpenMayaAnim.lib Foundation.lib OpenMaya.lib kernel32.lib user32.lib gdi32.lib winspool.lib comdlg32.lib advapi32.lib shell32.lib ole32.lib oleaut32.lib uuid.lib odbc32.lib odbccp32.lib /MANIFEST /ManifestFile:"x64\Debug\VoronoiTmp.mll.intermediate.manifest" /MANIFESTUAC:"level='asInvoker' uiAccess='false'" /DEBUG /PDB:"C:\Users\ChaoZ\Desktop\VoronoiTmp\VoronoiTmp\x64\Debug\VoronoiTmp.pdb" /TLBID:1 /DYNAMICBASE /NXCOMPAT /IMPLIB:"C:\Users\ChaoZ\Desktop\VoronoiTmp\VoronoiTmp\x64\Debug\VoronoiTmp.lib" /MACHINE:X64 /DLL x64\Debug\polyModifierCmd.obj
         x64\Debug\polyModifierFty.obj
         x64\Debug\polyModifierNode.obj
         x64\Debug\voronoiShatterCmd.obj
         x64\Debug\voronoiShatterFty.obj
         x64\Debug\voronoiShatterFtyAction.obj
         x64\Debug\voronoiShatterMain.obj
         x64\Debug\voronoiShatterNode.obj /export:initializePlugin /export:uninitializePlugin 
            Creating library C:\Users\ChaoZ\Desktop\VoronoiTmp\VoronoiTmp\x64\Debug\VoronoiTmp.lib and object C:\Users\ChaoZ\Desktop\VoronoiTmp\VoronoiTmp\x64\Debug\VoronoiTmp.exp
         VoronoiTmp.vcxproj -> C:\Users\ChaoZ\Desktop\VoronoiTmp\VoronoiTmp\x64\Debug\VoronoiTmp.mll
       Manifest:
         C:\Program Files (x86)\Microsoft SDKs\Windows\v7.0A\bin\mt.exe /nologo /verbose /outputresource:"C:\Users\ChaoZ\Desktop\VoronoiTmp\VoronoiTmp\x64\Debug\VoronoiTmp.mll;#2" /manifest x64\Debug\VoronoiTmp.mll.intermediate.manifest
       FinalizeBuildStatus:
         Deleting file "x64\Debug\VoronoiTmp.unsuccessfulbuild".
         Touching "x64\Debug\VoronoiTmp.lastbuildstate".
     1>Done Building Project "C:\Users\ChaoZ\Desktop\VoronoiTmp\VoronoiTmp\VoronoiTmp\VoronoiTmp.vcxproj" (build target(s)).

Build succeeded.

Time Elapsed 00:00:15.40
