Build started 2011/10/31 5:37:00.
     1>Project "C:\Users\ChaoZ\Desktop\580Final-SVN\580 Final\Project\Plug-In\Example_PolyModifier\polyModifierCmd\polyModifierCmd\polyModifierCmd.vcxproj" on node 2 (build target(s)).
     1>PrepareForBuild:
         Creating directory "C:\Users\ChaoZ\Desktop\580Final-SVN\580 Final\Project\Plug-In\Example_PolyModifier\polyModifierCmd\x64\Debug\".
       InitializeBuildStatus:
         Creating "x64\Debug\polyModifierCmd.unsuccessfulbuild" because "AlwaysCreate" was specified.
       ClCompile:
         c:\Program Files (x86)\Microsoft Visual Studio 10.0\VC\bin\x86_amd64\CL.exe /c /I"C:\Program Files\Autodesk\Maya2011\include" /Zi /nologo /W3 /WX- /Od /D WIN32 /D _DEBUG /D _WINDOWS /D NT_PLUGIN /D _WINDLL /D _MBCS /Gm /EHsc /RTC1 /MDd /GS /fp:precise /Zc:wchar_t /Zc:forScope /Fo"x64\Debug\\" /Fd"x64\Debug\vc100.pdb" /Gd /TP /errorReport:prompt ..\polyModifierCmd.cpp ..\polyModifierFty.cpp ..\polyModifierNode.cpp
         polyModifierNode.cpp
         polyModifierFty.cpp
         polyModifierCmd.cpp
         Generating Code...
       Link:
         c:\Program Files (x86)\Microsoft Visual Studio 10.0\VC\bin\x86_amd64\link.exe /ERRORREPORT:PROMPT /OUT:"C:\Users\ChaoZ\Desktop\580Final-SVN\580 Final\Project\Plug-In\Example_PolyModifier\polyModifierCmd\x64\Debug\polyModifierCmd.mll" /NOLOGO /LIBPATH:"C:\Program Files\Autodesk\Maya2011\lib" OpenMayaAnim.lib Foundation.lib OpenMaya.lib kernel32.lib user32.lib gdi32.lib winspool.lib comdlg32.lib advapi32.lib shell32.lib ole32.lib oleaut32.lib uuid.lib odbc32.lib odbccp32.lib /MANIFEST /ManifestFile:"x64\Debug\polyModifierCmd.mll.intermediate.manifest" /MANIFESTUAC:"level='asInvoker' uiAccess='false'" /DEBUG /PDB:"C:\Users\ChaoZ\Desktop\580Final-SVN\580 Final\Project\Plug-In\Example_PolyModifier\polyModifierCmd\x64\Debug\polyModifierCmd.pdb" /TLBID:1 /DYNAMICBASE /NXCOMPAT /IMPLIB:"C:\Users\ChaoZ\Desktop\580Final-SVN\580 Final\Project\Plug-In\Example_PolyModifier\polyModifierCmd\x64\Debug\polyModifierCmd.lib" /MACHINE:X64 /DLL x64\Debug\polyModifierCmd.obj
         x64\Debug\polyModifierFty.obj
         x64\Debug\polyModifierNode.obj
         polyModifierCmd.vcxproj -> C:\Users\ChaoZ\Desktop\580Final-SVN\580 Final\Project\Plug-In\Example_PolyModifier\polyModifierCmd\x64\Debug\polyModifierCmd.mll
       Manifest:
         C:\Program Files (x86)\Microsoft SDKs\Windows\v7.0A\bin\mt.exe /nologo /verbose /outputresource:"C:\Users\ChaoZ\Desktop\580Final-SVN\580 Final\Project\Plug-In\Example_PolyModifier\polyModifierCmd\x64\Debug\polyModifierCmd.mll;#2" /manifest x64\Debug\polyModifierCmd.mll.intermediate.manifest
       FinalizeBuildStatus:
         Deleting file "x64\Debug\polyModifierCmd.unsuccessfulbuild".
         Touching "x64\Debug\polyModifierCmd.lastbuildstate".
     1>Done Building Project "C:\Users\ChaoZ\Desktop\580Final-SVN\580 Final\Project\Plug-In\Example_PolyModifier\polyModifierCmd\polyModifierCmd\polyModifierCmd.vcxproj" (build target(s)).

Build succeeded.

Time Elapsed 00:00:06.39
